Build started 1/3/2016 3:32:57 PM.
     1>Project "D:\SmallWorld\SmallWorld\SmallWorld.vcxproj" on node 2 (Rebuild target(s)).
     1>ClCompile:
         C:\Program Files (x86)\Microsoft Visual Studio 12.0\VC\bin\CL.exe /c /ZI /nologo /W3 /WX- /sdl /Od /Oy- /D WIN32 /D _DEBUG /D _CONSOLE /D _LIB /D _UNICODE /D UNICODE /Gm /EHsc /RTC1 /MDd /GS /fp:precise /Zc:wchar_t /Zc:forScope /Fo"Debug\\" /Fd"Debug\vc120.pdb" /Gd /TP /analyze- /errorReport:prompt main.cpp SmallWorld.cpp
         SmallWorld.cpp
     1>d:\smallworld\smallworld\smallworld.cpp(75): warning C4018: '<' : signed/unsigned mismatch
     1>d:\smallworld\smallworld\smallworld.cpp(109): warning C4018: '<' : signed/unsigned mismatch
     1>d:\smallworld\smallworld\smallworld.cpp(110): warning C4018: '<' : signed/unsigned mismatch
     1>d:\smallworld\smallworld\smallworld.cpp(124): warning C4018: '<' : signed/unsigned mismatch
     1>d:\smallworld\smallworld\smallworld.cpp(145): warning C4018: '<' : signed/unsigned mismatch
     1>d:\smallworld\smallworld\smallworld.cpp(156): warning C4018: '<' : signed/unsigned mismatch
     1>d:\smallworld\smallworld\smallworld.cpp(168): warning C4018: '<' : signed/unsigned mismatch
     1>d:\smallworld\smallworld\smallworld.cpp(213): warning C4018: '<' : signed/unsigned mismatch
         main.cpp
         Generating Code...
       Link:
         C:\Program Files (x86)\Microsoft Visual Studio 12.0\VC\bin\link.exe /ERRORREPORT:PROMPT /OUT:"D:\SmallWorld\Debug\SmallWorld.exe" /INCREMENTAL /NOLOGO kernel32.lib user32.lib gdi32.lib winspool.lib comdlg32.lib advapi32.lib shell32.lib ole32.lib oleaut32.lib uuid.lib odbc32.lib odbccp32.lib /MANIFEST /MANIFESTUAC:"level='asInvoker' uiAccess='false'" /manifest:embed /DEBUG /PDB:"D:\SmallWorld\Debug\SmallWorld.pdb" /SUBSYSTEM:CONSOLE /TLBID:1 /DYNAMICBASE /NXCOMPAT /IMPLIB:"D:\SmallWorld\Debug\SmallWorld.lib" /MACHINE:X86 Debug\main.obj
         Debug\SmallWorld.obj
         SmallWorld.vcxproj -> D:\SmallWorld\Debug\SmallWorld.exe
     1>Done Building Project "D:\SmallWorld\SmallWorld\SmallWorld.vcxproj" (Rebuild target(s)).

Build succeeded.

Time Elapsed 00:00:03.84
